<?xml version="1.0" encoding="utf-8"?><testsuites name="pytest tests"><testsuite name="pytest" errors="0" failures="0" skipped="0" tests="6" time="5.927" timestamp="2026-07-26T00:19:42.200839+00:00" hostname="agent-env-63b06c05-57b1-40e6-9e7d-cd60671d4381"><testcase classname="tests.test_auth_logout_regression.TestLogoutRegression" name="test_login_precondition_sets_cookies" time="0.879" /><testcase classname="tests.test_auth_logout_regression.TestLogoutRegression" name="test_logout_returns_200_with_valid_cookie" time="1.118" /><testcase classname="tests.test_auth_logout_regression.TestLogoutRegression" name="test_logout_clears_both_cookies_max_age_zero" time="0.592" /><testcase classname="tests.test_auth_logout_regression.TestLogoutRegression" name="test_me_returns_401_after_logout" time="0.508" /><testcase classname="tests.test_auth_logout_regression.TestLogoutRegression" name="test_protected_route_accounts_returns_401_after_logout" time="0.921" /><testcase classname="tests.test_auth_logout_regression.TestLogoutRegression" name="test_fresh_login_after_logout" time="0.726" /></testsuite></testsuites>