<?xml version="1.0" encoding="utf-8"?><testsuites name="pytest tests"><testsuite name="pytest" errors="0" failures="0" skipped="0" tests="16" time="12.984" timestamp="2026-07-26T00:14:37.073535+00:00" hostname="agent-env-63b06c05-57b1-40e6-9e7d-cd60671d4381"><testcase classname="tests.test_connections_bugfix.TestAuthRegression" name="test_login_sets_cookies" time="0.658" /><testcase classname="tests.test_connections_bugfix.TestAuthRegression" name="test_me_returns_current_user" time="0.369" /><testcase classname="tests.test_connections_bugfix.TestAuthRegression" name="test_protected_route_without_auth_returns_401" time="0.128" /><testcase classname="tests.test_connections_bugfix.TestAuthRegression" name="test_protected_mutuals_without_auth_returns_401" time="0.105" /><testcase classname="tests.test_connections_bugfix.TestAuthRegression" name="test_logout_clears_cookies" time="0.416" /><testcase classname="tests.test_connections_bugfix.TestFollowersVsFollowingBugFix" name="test_followers_list_returns_data" time="5.029" /><testcase classname="tests.test_connections_bugfix.TestMutualsEndpoint" name="test_mutuals_response_shape" time="7.531" /><testcase classname="tests.test_connections_bugfix.TestMutualsEndpoint" name="test_mutuals_has_data" time="0.000" /><testcase classname="tests.test_connections_bugfix.TestMutualsEndpoint" name="test_mutuals_are_intersection_of_followers_and_following" time="0.135" /><testcase classname="tests.test_connections_bugfix.TestMutualsEndpoint" name="test_mutuals_default_limit_is_200" time="0.051" /><testcase classname="tests.test_connections_bugfix.TestMutualsEndpoint" name="test_mutuals_limit_validation_upper_bound" time="0.050" /><testcase classname="tests.test_connections_bugfix.TestMutualsEndpoint" name="test_mutuals_limit_validation_lower_bound" time="0.047" /><testcase classname="tests.test_connections_bugfix.TestFollowingSnapshotIntegrity" name="test_following_snapshot_matches_following_not_followers" time="4.381" /><testcase classname="tests.test_connections_bugfix.TestFollowersVsFollowingBugFix" name="test_following_list_returns_data" time="4.879" /><testcase classname="tests.test_connections_bugfix.TestFollowersVsFollowingBugFix" name="test_followers_and_following_are_different_lists" time="0.000" /><testcase classname="tests.test_connections_bugfix.TestFollowersVsFollowingBugFix" name="test_profile_counts_are_different_dimensions" time="0.000" /></testsuite></testsuites>