<?xml version="1.0" encoding="utf-8"?><testsuites name="pytest tests"><testsuite name="pytest" errors="0" failures="1" skipped="0" tests="17" time="41.379" timestamp="2026-07-24T10:25:36.485904+00:00" hostname="agent-env-63b06c05-57b1-40e6-9e7d-cd60671d4381"><testcase classname="tests.backend_test.TestProfile" name="test_profile_natgeo_real_data" time="7.535" /><testcase classname="tests.backend_test.TestAccounts" name="test_a_cleanup_before" time="0.180" /><testcase classname="tests.backend_test.TestAccounts" name="test_b_add_account_natgeo" time="10.093" /><testcase classname="tests.backend_test.TestProfile" name="test_profile_cristiano_real_data" time="15.270" /><testcase classname="tests.backend_test.TestAccounts" name="test_c_add_duplicate_fails" time="0.046" /><testcase classname="tests.backend_test.TestAccounts" name="test_d_list_accounts" time="0.044" /><testcase classname="tests.backend_test.TestAccounts" name="test_e_history_returns_snapshots" time="0.047" /><testcase classname="tests.backend_test.TestAccounts" name="test_f_activity_endpoint" time="0.047"><failure message="assert 0 &gt; 0&#10; +  where 0 = len([])">backend/tests/backend_test.py:137: in test_f_activity_endpoint
    assert len(acts) &gt; 0
E   assert 0 &gt; 0
E    +  where 0 = len([])</failure></testcase><testcase classname="tests.backend_test.TestAccounts" name="test_g_relationships" time="0.044" /><testcase classname="tests.backend_test.TestAccounts" name="test_h_delete_account" time="0.061" /><testcase classname="tests.backend_test.TestAccounts" name="test_i_delete_missing" time="0.042" /><testcase classname="tests.backend_test.TestRoot" name="test_root_message" time="0.045" /><testcase classname="tests.backend_test.TestAIInsights" name="test_insights_natgeo" time="5.784" /><testcase classname="tests.backend_test.TestProfile" name="test_profile_nonexistent_returns_404" time="8.167" /><testcase classname="tests.backend_test.TestSearch" name="test_search_natgeo" time="0.043" /><testcase classname="tests.backend_test.TestSearch" name="test_search_nonexistent_returns_empty" time="9.791" /><testcase classname="tests.backend_test.TestSearch" name="test_search_empty_query" time="0.043" /></testsuite></testsuites>