<?xml version="1.0" encoding="utf-8"?><testsuites name="pytest tests"><testsuite name="pytest" errors="0" failures="0" skipped="0" tests="36" time="82.125" timestamp="2026-07-24T18:04:03.089909+00:00" hostname="agent-env-63b06c05-57b1-40e6-9e7d-cd60671d4381"><testcase classname="tests.backend_test.TestAccounts" name="test_a_cleanup_before" time="0.201" /><testcase classname="tests.backend_test.TestConnectionLists" name="test_followers_list_shape" time="6.572" /><testcase classname="tests.backend_test.TestAccounts" name="test_b_add_account_natgeo" time="16.743" /><testcase classname="tests.backend_test.TestConnectionLists" name="test_following_list_shape" time="4.544" /><testcase classname="tests.backend_test.TestConnectionLists" name="test_following_list_since_days_0_last_check" time="0.060" /><testcase classname="tests.backend_test.TestConnectionLists" name="test_following_list_since_days_1" time="0.068" /><testcase classname="tests.backend_test.TestConnectionLists" name="test_following_list_since_days_30" time="0.064" /><testcase classname="tests.backend_test.TestConnectionLists" name="test_since_days_invalid_out_of_range" time="0.057" /><testcase classname="tests.backend_test.TestConnectionLists" name="test_connection_history_grows" time="0.051" /><testcase classname="tests.backend_test.TestConnectionLists" name="test_connection_history_following" time="0.050" /><testcase classname="tests.backend_test.TestConnectionListsBugFix" name="test_following_profile_count_uses_real_ig_total_not_scrape_cap" time="7.026" /><testcase classname="tests.backend_test.TestAccounts" name="test_c_add_duplicate_fails" time="0.054" /><testcase classname="tests.backend_test.TestAccounts" name="test_d_list_accounts" time="0.048" /><testcase classname="tests.backend_test.TestAccounts" name="test_e_history_returns_snapshots" time="0.049" /><testcase classname="tests.backend_test.TestAccounts" name="test_f_activity_endpoint" time="9.964" /><testcase classname="tests.backend_test.TestConnectionListsBugFix" name="test_followers_profile_count_uses_real_ig_total" time="6.077" /><testcase classname="tests.backend_test.TestConnectionListsBugFix" name="test_following_count_baseline_path_returns_net_change" time="0.062" /><testcase classname="tests.backend_test.TestConnectionListsBugFix" name="test_following_since_days_0_uses_most_recent_snapshot" time="0.062" /><testcase classname="tests.backend_test.TestConnectionListsBugFix" name="test_no_baseline_untracked_account_returns_null_net_change" time="33.513" /><testcase classname="tests.backend_test.TestAccounts" name="test_g_relationships" time="0.045" /><testcase classname="tests.backend_test.TestAccounts" name="test_h_delete_account" time="0.053" /><testcase classname="tests.backend_test.TestAccounts" name="test_i_delete_missing" time="0.046" /><testcase classname="tests.backend_test.TestSearch" name="test_search_natgeo" time="0.054" /><testcase classname="tests.backend_test.TestSearch" name="test_search_nonexistent_returns_empty" time="8.715" /><testcase classname="tests.backend_test.TestSearch" name="test_search_empty_query" time="0.050" /><testcase classname="tests.backend_test.TestImageProxy" name="test_image_proxy_missing_param" time="0.053" /><testcase classname="tests.backend_test.TestImageProxy" name="test_image_proxy_rejects_non_instagram_url" time="0.046" /><testcase classname="tests.backend_test.TestImageProxy" name="test_image_proxy_returns_real_jpeg_bytes" time="0.532" /><testcase classname="tests.backend_test.TestRoot" name="test_root_message_v3" time="0.045" /><testcase classname="tests.backend_test.TestDashboard" name="test_dashboard_shape_and_totals" time="0.045" /><testcase classname="tests.backend_test.TestAIInsights" name="test_insights_natgeo" time="6.723" /><testcase classname="tests.backend_test.TestPostComments" name="test_post_comments_shape" time="25.775" /><testcase classname="tests.backend_test.TestProfile" name="test_profile_natgeo_real_data" time="0.055" /><testcase classname="tests.backend_test.TestProfile" name="test_profile_cristiano_real_data" time="0.055" /><testcase classname="tests.backend_test.TestProfile" name="test_profile_nonexistent_returns_404" time="9.042" /><testcase classname="tests.backend_test.TestRateLimit" name="test_search_rate_limit" time="12.076" /></testsuite></testsuites>